<?xml version="1.0" encoding="UTF-8" ?>
<testsuites id="2026-09-18" name="report_1" tests="25" failures="3" skipped="0" flaky="0" time="0.000">
	<testsuite id="0" name="test_core_algorithms" package="tests" timestamp="2026-09-19T02:28:40" hostname="localhost" tests="9" failures="0" errors="0" skipped="0" flaky="0" time="0.035">
		<testcase name="test_constraint_rebuild_id_weight_and_part_ids" classname="test_core_algorithms" time="0.002">
		</testcase>
		<testcase name="test_constraint_index_builds_reverse_and_symmetric_neighbors" classname="test_core_algorithms" time="0.002">
		</testcase>
		<testcase name="test_constraint_index_ignores_disabled_data_and_keeps_outside_one_way" classname="test_core_algorithms" time="0.002">
		</testcase>
		<testcase name="test_json_codec_round_trips_nested_vectors_and_numeric_types" classname="test_core_algorithms" time="0.002">
		</testcase>
		<testcase name="test_pixel_hash_distinguishes_pixels_and_quantizes_with_tolerance" classname="test_core_algorithms" time="0.002">
		</testcase>
		<testcase name="test_part_setup_and_clone_keep_pixels_shared_but_mutable_state_independent" classname="test_core_algorithms" time="0.002">
		</testcase>
		<testcase name="test_adjacency_extracts_pairs_deterministically_and_honors_custom_step" classname="test_core_algorithms" time="0.002">
		</testcase>
		<testcase name="test_adjacency_border_evidence_emits_virtual_outside_edges" classname="test_core_algorithms" time="0.002">
		</testcase>
		<testcase name="test_tile_collapse_derives_geometry_and_matches_stepped_synthesis" classname="test_core_algorithms" time="0.003">
		</testcase>
	</testsuite>
	<testsuite id="1" name="text_constraint_index_rules" package="tests" timestamp="2026-09-19T02:28:40" hostname="localhost" tests="4" failures="1" errors="0" skipped="0" flaky="0" time="0.016">
		<testcase name="test_rule_deltas_not_in_offsets" classname="text_constraint_index_rules" time="0.002">
			<failure message="FAILED: res://tests/text_constraint_index_rules.gd:50" type="FAILURE">
<![CDATA[
Expecting:
 1
 but was
 2
	at 'test_rule_deltas_not_in_offsets' in res://tests/text_constraint_index_rules.gd:50
]]>
			</failure>
		</testcase>
		<testcase name="test_exclusion_prunes_both_directions" classname="text_constraint_index_rules" time="0.003">
		</testcase>
		<testcase name="test_exclusion_overrides_unknown_free" classname="text_constraint_index_rules" time="0.002">
		</testcase>
		<testcase name="test_tags_on_disabled_part_are_inert" classname="text_constraint_index_rules" time="0.002">
		</testcase>
	</testsuite>
	<testsuite id="2" name="test_tag_matcher" package="tests" timestamp="2026-09-19T02:28:40" hostname="localhost" tests="6" failures="1" errors="0" skipped="0" flaky="0" time="0.020">
		<testcase name="test_exact_match_full_coverage" classname="test_tag_matcher" time="0.002">
		</testcase>
		<testcase name="test_tolerance_is_per_channel_and_inclusive" classname="test_tag_matcher" time="0.002">
		</testcase>
		<testcase name="test_any_target_matches" classname="test_tag_matcher" time="0.002">
		</testcase>
		<testcase name="test_transparent_pixels_excluded_from_both_sides" classname="test_tag_matcher" time="0.002">
		</testcase>
		<testcase name="test_rule_threshold_semantics" classname="test_tag_matcher" time="0.002">
		</testcase>
		<testcase name="test_rule_without_colors_is_inert" classname="test_tag_matcher" time="0.002">
			<failure message="FAILED: res://tests/test_tag_matcher.gd:49" type="FAILURE">
<![CDATA[
Expecting: 'false' but is 'true'
	at 'test_rule_without_colors_is_inert' in res://tests/test_tag_matcher.gd:49
]]>
			</failure>
		</testcase>
	</testsuite>
	<testsuite id="3" name="test_state_and_components" package="tests" timestamp="2026-09-19T02:28:40" hostname="localhost" tests="6" failures="1" errors="0" skipped="0" flaky="0" time="0.030">
		<testcase name="test_app_data_add_remove_and_number_synthesis_outputs" classname="test_state_and_components" time="0.003">
		</testcase>
		<testcase name="test_app_data_materializes_edits_and_invalidates_cached_index" classname="test_state_and_components" time="0.002">
		</testcase>
		<testcase name="test_technique_registry_registers_and_looks_up_builtins" classname="test_state_and_components" time="0.004">
			<failure message="FAILED: res://tests/test_state_and_components.gd:91" type="FAILURE">
<![CDATA[
Expecting size:
 1
 but was
 2
	at 'test_technique_registry_registers_and_looks_up_builtins' in res://tests/test_state_and_components.gd:91
]]>
			</failure>
		</testcase>
		<testcase name="test_grid_tiles_deduplicates_occurrences_and_clamps_edge_origins" classname="test_state_and_components" time="0.003">
		</testcase>
		<testcase name="test_grid_tiles_transforms_rotate_and_reflect_pixels" classname="test_state_and_components" time="0.003">
		</testcase>
		<testcase name="test_param_builder_initializes_specs_and_tracks_control_updates" classname="test_state_and_components" time="0.003">
		</testcase>
	</testsuite>
</testsuites>
